<?xml version="1.0" encoding="UTF-8"?>
<!-- Generated by org.testng.reporters.JUnitReportReporter -->
<testsuite skipped="1" hostname="DESKTOP-PT67GFP" name="tests.TestCases" tests="4" failures="0" timestamp="2020-09-27T00:15:07 IST" time="49.691" errors="0">
  <testcase name="loginTestExecution" time="12.633" classname="tests.TestCases"/>
  <system-out/>
  <testcase name="addToCardTestExecution" time="31.169" classname="tests.TestCases"/>
  <system-out/>
  <testcase name="verifyProfileOrder" time="5.889" classname="tests.TestCases"/>
  <system-out/>
  <testcase name="accountCreateExcecution" classname="tests.TestCases">
    <skipped/>
  </testcase> <!-- accountCreateExcecution -->
  <system-out/>
</testsuite> <!-- tests.TestCases -->
